0 info it worked if it ends with ok
1 verbose cli [ 'C:\\Program Files\\nodejs\\\\node.exe',
1 verbose cli   'C:\\Program Files\\nodejs\\node_modules\\npm\\bin\\npm-cli.js',
1 verbose cli   'publish',
1 verbose cli   '-f' ]
2 info using npm@1.4.14
3 info using node@v0.10.29
4 verbose node symlink C:\Program Files\nodejs\\node.exe
5 warn using --force I sure hope you know what you are doing.
6 verbose publish [ '.' ]
7 verbose cache add [ '.', null ]
8 verbose cache add name=undefined spec="." args=[".",null]
9 verbose parsed url { protocol: null,
9 verbose parsed url   slashes: null,
9 verbose parsed url   auth: null,
9 verbose parsed url   host: null,
9 verbose parsed url   port: null,
9 verbose parsed url   hostname: null,
9 verbose parsed url   hash: null,
9 verbose parsed url   search: null,
9 verbose parsed url   query: null,
9 verbose parsed url   pathname: '.',
9 verbose parsed url   path: '.',
9 verbose parsed url   href: '.' }
10 silly lockFile 3a52ce78- .
11 verbose lock . C:\Users\pwalker\AppData\Roaming\npm-cache\3a52ce78-.lock
12 verbose tar pack [ 'C:\\Users\\pwalker\\AppData\\Roaming\\npm-cache\\censorify\\0.1.1\\package.tgz',
12 verbose tar pack   '.' ]
13 verbose tarball C:\Users\pwalker\AppData\Roaming\npm-cache\censorify\0.1.1\package.tgz
14 verbose folder .
15 info prepublish censorify@0.1.1
16 silly lockFile 1f1177db-tar tar://.
17 verbose lock tar://. C:\Users\pwalker\AppData\Roaming\npm-cache\1f1177db-tar.lock
18 silly lockFile da9c50fc-ache-censorify-0-1-1-package-tgz tar://C:\Users\pwalker\AppData\Roaming\npm-cache\censorify\0.1.1\package.tgz
19 verbose lock tar://C:\Users\pwalker\AppData\Roaming\npm-cache\censorify\0.1.1\package.tgz C:\Users\pwalker\AppData\Roaming\npm-cache\da9c50fc-ache-censorify-0-1-1-package-tgz.lock
20 silly lockFile 1f1177db-tar tar://.
21 silly lockFile 1f1177db-tar tar://.
22 silly lockFile da9c50fc-ache-censorify-0-1-1-package-tgz tar://C:\Users\pwalker\AppData\Roaming\npm-cache\censorify\0.1.1\package.tgz
23 silly lockFile da9c50fc-ache-censorify-0-1-1-package-tgz tar://C:\Users\pwalker\AppData\Roaming\npm-cache\censorify\0.1.1\package.tgz
24 silly lockFile 236e809e-pm-cache-censorify-0-1-1-package C:\Users\pwalker\AppData\Roaming\npm-cache\censorify\0.1.1\package
25 verbose lock C:\Users\pwalker\AppData\Roaming\npm-cache\censorify\0.1.1\package C:\Users\pwalker\AppData\Roaming\npm-cache\236e809e-pm-cache-censorify-0-1-1-package.lock
26 silly lockFile 236e809e-pm-cache-censorify-0-1-1-package C:\Users\pwalker\AppData\Roaming\npm-cache\censorify\0.1.1\package
27 silly lockFile 236e809e-pm-cache-censorify-0-1-1-package C:\Users\pwalker\AppData\Roaming\npm-cache\censorify\0.1.1\package
28 silly lockFile 3a52ce78- .
29 silly lockFile 3a52ce78- .
30 silly publish { author: { name: 'Phillip Walker' },
30 silly publish   name: 'censorify',
30 silly publish   version: '0.1.1',
30 silly publish   description: 'Censors words out of text',
30 silly publish   main: 'censortext',
30 silly publish   repository:
30 silly publish    { type: 'git',
30 silly publish      url: 'https://github.com/BBFPHIL/ProjectOne_NodeStack/tree/master/censorify' },
30 silly publish   keywords: [ 'censor', 'words' ],
30 silly publish   dependencies: {},
30 silly publish   engines: { node: '*' },
30 silly publish   readme: 'NPM module to censorout words from text file',
30 silly publish   readmeFilename: 'README.md',
30 silly publish   _id: 'censorify@0.1.1',
30 silly publish   scripts: {},
30 silly publish   _shasum: '2696da40a422ba0e40b793ac0e1c8b336a22543c',
30 silly publish   _from: '.' }
31 verbose url raw censorify
32 verbose url resolving [ 'https://registry.npmjs.org/', './censorify' ]
33 verbose url resolved https://registry.npmjs.org/censorify
34 info trying registry request attempt 1 at 20:54:00
35 http PUT https://registry.npmjs.org/censorify
36 http 403 https://registry.npmjs.org/censorify
37 verbose headers { date: 'Tue, 15 Jul 2014 00:54:01 GMT',
37 verbose headers   server: 'CouchDB/1.5.0 (Erlang OTP/R14B04)',
37 verbose headers   'content-type': 'application/json',
37 verbose headers   'cache-control': 'max-age=30',
37 verbose headers   'content-length': '1913',
37 verbose headers   'accept-ranges': 'bytes',
37 verbose headers   via: '1.1 varnish',
37 verbose headers   'x-served-by': 'cache-jfk1024-JFK',
37 verbose headers   'x-cache': 'MISS',
37 verbose headers   'x-cache-hits': '0',
37 verbose headers   'x-timer': 'S1405385641.237409,VS0,VE338',
37 verbose headers   'keep-alive': 'timeout=10, max=50',
37 verbose headers   connection: 'Keep-Alive' }
38 error publish Failed PUT 403
39 error Error: forbidden cannot modify pre-existing version: 0.1.1
39 error old={"author":{"name":"Brad Dayley"},"name":"censorify","version":"0.1.1","description":"Censors words out of text","main":"censortext","repository":{"type":"git","url":"https://github.com/sisingh/nodebook-ch03-censorify"},"keywords":["censor","words"],"dependencies":{},"engines":{"node":"*"},"readme":"This is first node.js file\u000a","readmeFilename":"README.md","bugs":{"url":"https://github.com/sisingh/nodebook-ch03-censorify/issues"},"homepage":"https://github.com/sisingh/nodebook-ch03-censorify","_id":"censorify@0.1.1","dist":{"shasum":"359a8af77858685bf2926c93ec3fb582ae704aa9","tarball":"http://registry.npmjs.org/censorify/-/censorify-0.1.1.tgz"},"_from":".","_npmVersion":"1.3.21","_npmUser":{"name":"sisingh","email":"singh_siddhu@yahoo.com"},"maintainers":[{"name":"sisingh","email":"singh_siddhu@yahoo.com"}]}
39 error new={"author":{"name":"Phillip Walker"},"name":"censorify","version":"0.1.1","description":"Censors words out of text","main":"censortext","repository":{"type":"git","url":"https://github.com/BBFPHIL/ProjectOne_NodeStack/tree/master/censorify"},"keywords":["censor","words"],"dependencies":{},"engines":{"node":"*"},"readme":"NPM module to censorout words from text file","readmeFilename":"README.md","_id":"censorify@0.1.1","scripts":{},"_shasum":"2696da40a422ba0e40b793ac0e1c8b336a22543c","_from":".","_npmVersion":"1.4.14","_npmUser":{"name":"philwalker12","email":"wunderwalk24@gmail.com"},"maintainers":[{"name":"philwalker12","email":"wunderwalk24@gmail.com"}],"dist":{"shasum":"2696da40a422ba0e40b793ac0e1c8b336a22543c","tarball":"http://registry.npmjs.org/censorify/-/censorify-0.1.1.tgz"}}: censorify
39 error     at RegClient.<anonymous> (C:\Program Files\nodejs\node_modules\npm\node_modules\npm-registry-client\lib\request.js:274:14)
39 error     at Request._callback (C:\Program Files\nodejs\node_modules\npm\node_modules\npm-registry-client\lib\request.js:212:65)
39 error     at Request.self.callback (C:\Program Files\nodejs\node_modules\npm\node_modules\request\request.js:123:22)
39 error     at Request.emit (events.js:98:17)
39 error     at Request.<anonymous> (C:\Program Files\nodejs\node_modules\npm\node_modules\request\request.js:893:14)
39 error     at Request.emit (events.js:117:20)
39 error     at IncomingMessage.<anonymous> (C:\Program Files\nodejs\node_modules\npm\node_modules\request\request.js:844:12)
39 error     at IncomingMessage.emit (events.js:117:20)
39 error     at _stream_readable.js:929:16
39 error     at process._tickCallback (node.js:419:13)
40 error If you need help, you may report this *entire* log,
40 error including the npm and node versions, at:
40 error     <http://github.com/npm/npm/issues>
41 error System Windows_NT 6.1.7601
42 error command "C:\\Program Files\\nodejs\\\\node.exe" "C:\\Program Files\\nodejs\\node_modules\\npm\\bin\\npm-cli.js" "publish" "-f"
43 error cwd C:\Users\pwalker\Documents\GitHub\NodeProjectOne\censorify
44 error node -v v0.10.29
45 error npm -v 1.4.14
46 verbose exit [ 1, true ]
